# JRE version: OpenJDK Runtime Environment (21.0.2) (build 21.0.2-internal-adhoc.conda.src)
# Java VM: OpenJDK 64-Bit Server VM (21.0.2-internal-adhoc.conda.src, mixed mode, sharing, tiered, compressed oops, compressed class ptrs, g1 gc, linux-amd64)
GC Precious Log:
 CardTable entry size: 512
 Card Set container configuration: InlinePtr #cards 4 size 8 Array Of Cards #cards 32 size 80 Howl #buckets 8 coarsen threshold 7372 Howl Bitmap #cards 1024 size 144 coarsen threshold 921 Card regions per heap region 1 cards per card region 8192
 CPUs: 40 total, 32 available
 Memory: 32768M
 Large Page Support: Disabled
 NUMA Support: Disabled
 Compressed Oops: Enabled (Non-zero disjoint base)
 Heap Region Size: 4M
 Heap Min Capacity: 8M
 Heap Initial Capacity: 512M
 Heap Max Capacity: 8G
 Pre-touch: Disabled
 Parallel Workers: 23
 Concurrent Workers: 6
 Concurrent Refinement Workers: 23
 Periodic GC: Disabled
Heap:
 garbage-first heap   total 528384K, used 180654K [0x0000001000400000, 0x0000001200400000)
  region size 4096K, 43 young (176128K), 3 survivors (12288K)
 Metaspace       used 20927K, committed 21184K, reserved 1114112K
  class space    used 2324K, committed 2432K, reserved 1048576K
GC Heap History (6 events):
Event: 0.719 GC heap before
{Heap before GC invocations=0 (full 0):
 garbage-first heap   total 528384K, used 33819K [0x0000001000400000, 0x0000001200400000)
  region size 4096K, 6 young (24576K), 0 survivors (0K)
 Metaspace       used 8695K, committed 8960K, reserved 1114112K
  class space    used 899K, committed 1024K, reserved 1048576K
}
Event: 0.723 GC heap after
{Heap after GC invocations=1 (full 0):
 garbage-first heap   total 528384K, used 12725K [0x0000001000400000, 0x0000001200400000)
  region size 4096K, 1 young (4096K), 1 survivors (4096K)
 Metaspace       used 8695K, committed 8960K, reserved 1114112K
  class space    used 899K, committed 1024K, reserved 1048576K
}
Event: 2.411 GC heap before
{Heap before GC invocations=1 (full 0):
 garbage-first heap   total 528384K, used 41397K [0x0000001000400000, 0x0000001200400000)
  region size 4096K, 8 young (32768K), 1 survivors (4096K)
 Metaspace       used 17698K, committed 17984K, reserved 1114112K
  class space    used 1950K, committed 2112K, reserved 1048576K
}
Event: 2.415 GC heap after
{Heap after GC invocations=2 (full 0):
 garbage-first heap   total 528384K, used 14897K [0x0000001000400000, 0x0000001200400000)
  region size 4096K, 1 young (4096K), 1 survivors (4096K)
 Metaspace       used 17698K, committed 17984K, reserved 1114112K
  class space    used 1950K, committed 2112K, reserved 1048576K
}
Event: 49.225 GC heap before
{Heap before GC invocations=2 (full 0):
 garbage-first heap   total 528384K, used 117297K [0x0000001000400000, 0x0000001200400000)
  region size 4096K, 26 young (106496K), 1 survivors (4096K)
 Metaspace       used 20855K, committed 21120K, reserved 1114112K
  class space    used 2323K, committed 2432K, reserved 1048576K
}
Event: 49.231 GC heap after
{Heap after GC invocations=3 (full 0):
 garbage-first heap   total 528384K, used 20910K [0x0000001000400000, 0x0000001200400000)
  region size 4096K, 3 young (12288K), 3 survivors (12288K)
 Metaspace       used 20855K, committed 21120K, reserved 1114112K
  class space    used 2323K, committed 2432K, reserved 1048576K
}

