# JRE version: OpenJDK Runtime Environment (21.0.2) (build 21.0.2-internal-adhoc.conda.src)
# Java VM: OpenJDK 64-Bit Server VM (21.0.2-internal-adhoc.conda.src, mixed mode, sharing, tiered, compressed oops, compressed class ptrs, g1 gc, linux-amd64)
GC Precious Log:
 CardTable entry size: 512
 Card Set container configuration: InlinePtr #cards 4 size 8 Array Of Cards #cards 32 size 80 Howl #buckets 8 coarsen threshold 7372 Howl Bitmap #cards 1024 size 144 coarsen threshold 921 Card regions per heap region 1 cards per card region 8192
 CPUs: 40 total, 32 available
 Memory: 32768M
 Large Page Support: Disabled
 NUMA Support: Disabled
 Compressed Oops: Enabled (Non-zero disjoint base)
 Heap Region Size: 4M
 Heap Min Capacity: 8M
 Heap Initial Capacity: 512M
 Heap Max Capacity: 8G
 Pre-touch: Disabled
 Parallel Workers: 23
 Concurrent Workers: 6
 Concurrent Refinement Workers: 23
 Periodic GC: Disabled
Heap:
 garbage-first heap   total 528384K, used 267909K [0x0000001000400000, 0x0000001200400000)
  region size 4096K, 64 young (262144K), 3 survivors (12288K)
 Metaspace       used 20969K, committed 21248K, reserved 1114112K
  class space    used 2332K, committed 2432K, reserved 1048576K
GC Heap History (6 events):
Event: 0.718 GC heap before
{Heap before GC invocations=0 (full 0):
 garbage-first heap   total 528384K, used 33819K [0x0000001000400000, 0x0000001200400000)
  region size 4096K, 6 young (24576K), 0 survivors (0K)
 Metaspace       used 8691K, committed 8960K, reserved 1114112K
  class space    used 898K, committed 1024K, reserved 1048576K
}
Event: 0.722 GC heap after
{Heap after GC invocations=1 (full 0):
 garbage-first heap   total 528384K, used 12638K [0x0000001000400000, 0x0000001200400000)
  region size 4096K, 1 young (4096K), 1 survivors (4096K)
 Metaspace       used 8691K, committed 8960K, reserved 1114112K
  class space    used 898K, committed 1024K, reserved 1048576K
}
Event: 2.424 GC heap before
{Heap before GC invocations=1 (full 0):
 garbage-first heap   total 528384K, used 37214K [0x0000001000400000, 0x0000001200400000)
  region size 4096K, 8 young (32768K), 1 survivors (4096K)
 Metaspace       used 17461K, committed 17728K, reserved 1114112K
  class space    used 1919K, committed 2048K, reserved 1048576K
}
Event: 2.428 GC heap after
{Heap after GC invocations=2 (full 0):
 garbage-first heap   total 528384K, used 14788K [0x0000001000400000, 0x0000001200400000)
  region size 4096K, 1 young (4096K), 1 survivors (4096K)
 Metaspace       used 17461K, committed 17728K, reserved 1114112K
  class space    used 1919K, committed 2048K, reserved 1048576K
}
Event: 45.795 GC heap before
{Heap before GC invocations=2 (full 0):
 garbage-first heap   total 528384K, used 117188K [0x0000001000400000, 0x0000001200400000)
  region size 4096K, 26 young (106496K), 1 survivors (4096K)
 Metaspace       used 20891K, committed 21184K, reserved 1114112K
  class space    used 2330K, committed 2432K, reserved 1048576K
}
Event: 45.801 GC heap after
{Heap after GC invocations=3 (full 0):
 garbage-first heap   total 528384K, used 22149K [0x0000001000400000, 0x0000001200400000)
  region size 4096K, 3 young (12288K), 3 survivors (12288K)
 Metaspace       used 20891K, committed 21184K, reserved 1114112K
  class space    used 2330K, committed 2432K, reserved 1048576K
}

