# JRE version: OpenJDK Runtime Environment (21.0.2) (build 21.0.2-internal-adhoc.conda.src)
# Java VM: OpenJDK 64-Bit Server VM (21.0.2-internal-adhoc.conda.src, mixed mode, sharing, tiered, compressed oops, compressed class ptrs, g1 gc, linux-amd64)
GC Precious Log:
 CardTable entry size: 512
 Card Set container configuration: InlinePtr #cards 4 size 8 Array Of Cards #cards 32 size 80 Howl #buckets 8 coarsen threshold 7372 Howl Bitmap #cards 1024 size 144 coarsen threshold 921 Card regions per heap region 1 cards per card region 8192
 CPUs: 40 total, 32 available
 Memory: 32768M
 Large Page Support: Disabled
 NUMA Support: Disabled
 Compressed Oops: Enabled (Non-zero disjoint base)
 Heap Region Size: 4M
 Heap Min Capacity: 8M
 Heap Initial Capacity: 512M
 Heap Max Capacity: 8G
 Pre-touch: Disabled
 Parallel Workers: 23
 Concurrent Workers: 6
 Concurrent Refinement Workers: 23
 Periodic GC: Disabled
Heap:
 garbage-first heap   total 528384K, used 255298K [0x0000001000400000, 0x0000001200400000)
  region size 4096K, 61 young (249856K), 2 survivors (8192K)
 Metaspace       used 20952K, committed 21248K, reserved 1114112K
  class space    used 2329K, committed 2432K, reserved 1048576K
GC Heap History (6 events):
Event: 0.607 GC heap before
{Heap before GC invocations=0 (full 0):
 garbage-first heap   total 528384K, used 33819K [0x0000001000400000, 0x0000001200400000)
  region size 4096K, 6 young (24576K), 0 survivors (0K)
 Metaspace       used 8694K, committed 8960K, reserved 1114112K
  class space    used 900K, committed 1024K, reserved 1048576K
}
Event: 0.612 GC heap after
{Heap after GC invocations=1 (full 0):
 garbage-first heap   total 528384K, used 12647K [0x0000001000400000, 0x0000001200400000)
  region size 4096K, 1 young (4096K), 1 survivors (4096K)
 Metaspace       used 8694K, committed 8960K, reserved 1114112K
  class space    used 900K, committed 1024K, reserved 1048576K
}
Event: 2.223 GC heap before
{Heap before GC invocations=1 (full 0):
 garbage-first heap   total 528384K, used 41319K [0x0000001000400000, 0x0000001200400000)
  region size 4096K, 8 young (32768K), 1 survivors (4096K)
 Metaspace       used 17516K, committed 17728K, reserved 1114112K
  class space    used 1929K, committed 2048K, reserved 1048576K
}
Event: 2.228 GC heap after
{Heap after GC invocations=2 (full 0):
 garbage-first heap   total 528384K, used 14921K [0x0000001000400000, 0x0000001200400000)
  region size 4096K, 1 young (4096K), 1 survivors (4096K)
 Metaspace       used 17516K, committed 17728K, reserved 1114112K
  class space    used 1929K, committed 2048K, reserved 1048576K
}
Event: 47.239 GC heap before
{Heap before GC invocations=2 (full 0):
 garbage-first heap   total 528384K, used 125513K [0x0000001000400000, 0x0000001200400000)
  region size 4096K, 28 young (114688K), 1 survivors (4096K)
 Metaspace       used 20880K, committed 21120K, reserved 1114112K
  class space    used 2327K, committed 2432K, reserved 1048576K
}
Event: 47.244 GC heap after
{Heap after GC invocations=3 (full 0):
 garbage-first heap   total 528384K, used 17730K [0x0000001000400000, 0x0000001200400000)
  region size 4096K, 2 young (8192K), 2 survivors (8192K)
 Metaspace       used 20880K, committed 21120K, reserved 1114112K
  class space    used 2327K, committed 2432K, reserved 1048576K
}

